
> @kings/msu-marketplace@0.0.0 build
> next build

  ▲ Next.js 14.2.35
  - Environments: .env.local

   Creating an optimized production build ...
 ✓ Compiled successfully
   Linting and checking validity of types ...
   Collecting page data ...
   Generating static pages (0/8) ...
   Generating static pages (2/8) 
   Generating static pages (4/8) 
   Generating static pages (6/8) 
 ✓ Generating static pages (8/8)
   Finalizing page optimization ...
   Collecting build traces ...

Route (app)                              Size     First Load JS
┌ ○ /                                    2.18 kB        98.1 kB
├ ○ /_not-found                          876 B          88.1 kB
├ ƒ /account                             1.39 kB        88.7 kB
├ ƒ /api/vender                          0 B                0 B
├ ƒ /produtos                            2.18 kB        98.1 kB
└ ○ /vender                              3.53 kB        90.8 kB
+ First Load JS shared by all            87.3 kB
  ├ chunks/1dd3208c-b98a11b91c6cf66c.js  53.7 kB
  ├ chunks/528-6ac4a2c7a6c2be9b.js       31.7 kB
  └ other shared chunks (total)          1.88 kB


ƒ Middleware                             79.2 kB

○  (Static)   prerendered as static content
ƒ  (Dynamic)  server-rendered on demand

